This file contains any messages produced by compilers while
running configure, to aid debugging if configure makes a mistake.

It was created by configure, which was
generated by GNU Autoconf 2.59e.  Invocation command line was

  $ ./configure --prefix=/root/src/SOPE-4.7/.gsmake --with-config-file=/root/src/SOPE-4.7/.gsmake/GNUstep.conf --with-system-root=/root/src/SOPE-4.7/.gsmake --with-network-root=/root/src/SOPE-4.7/.gsmake --with-local-root=/root/src/SOPE-4.7/.gsmake --with-user-root=/root/src/SOPE-4.7/.gsmake --with-library-combo=gnu-fd-nil

## --------- ##
## Platform. ##
## --------- ##

hostname = sogo
uname -m = ppc
uname -r = 2.6.26-1-powerpc
uname -s = Linux
uname -v = #1 Fri Aug 8 08:24:40 CEST 2008

/usr/bin/uname -p = unknown
/bin/uname -X     = unknown

/bin/arch              = unknown
/usr/bin/arch -k       = unknown
/usr/convex/getsysinfo = unknown
/usr/bin/hostinfo      = unknown
/bin/machine           = unknown
/usr/bin/oslevel       = unknown
/bin/universe          = unknown

PATH: /usr/local/sbin
PATH: /usr/local/bin
PATH: /usr/sbin
PATH: /usr/bin
PATH: /sbin
PATH: /bin


## ----------- ##
## Core tests. ##
## ----------- ##

configure:1926: checking for gcc
configure:1942: found /usr/bin/gcc
configure:1953: result: gcc
configure:2191: checking for C compiler version
configure:2198: gcc --version >&5
gcc (Debian 4.3.1-8) 4.3.1
Copyright (C) 2008 Free Software Foundation, Inc.
This is free software; see the source for copying conditions.  There is NO
warranty; not even for MERCHANTABILITY or FITNESS FOR A PARTICULAR PURPOSE.

configure:2201: $? = 0
configure:2208: gcc -v >&5
Using built-in specs.
Target: powerpc-linux-gnu
Configured with: ../src/configure -v --with-pkgversion='Debian 4.3.1-8' --with-bugurl=file:///usr/share/doc/gcc-4.3/README.Bugs --enable-languages=c,c++,fortran,objc,obj-c++ --prefix=/usr --enable-shared --with-system-zlib --libexecdir=/usr/lib --without-included-gettext --enable-threads=posix --enable-nls --with-gxx-include-dir=/usr/include/c++/4.3 --program-suffix=-4.3 --enable-clocale=gnu --enable-libstdcxx-debug --enable-objc-gc --enable-mpfr --disable-softfloat --enable-secureplt --enable-targets=powerpc-linux,powerpc64-linux --with-cpu=default32 --with-long-double-128 --enable-checking=release --build=powerpc-linux-gnu --host=powerpc-linux-gnu --target=powerpc-linux-gnu
Thread model: posix
gcc version 4.3.1 (Debian 4.3.1-8) 
configure:2211: $? = 0
configure:2218: gcc -V >&5
gcc: '-V' option must have argument
configure:2221: $? = 1
configure:2244: checking for C compiler default output file name
configure:2271: gcc    conftest.c  >&5
configure:2274: $? = 0
configure:2320: result: a.out
configure:2325: checking whether the C compiler works
configure:2335: ./a.out
configure:2338: $? = 0
configure:2355: result: yes
configure:2362: checking whether we are cross compiling
configure:2364: result: no
configure:2367: checking for suffix of executables
configure:2374: gcc -o conftest    conftest.c  >&5
configure:2377: $? = 0
configure:2401: result: 
configure:2407: checking for suffix of object files
configure:2433: gcc -c   conftest.c >&5
configure:2436: $? = 0
configure:2459: result: o
configure:2463: checking whether we are using the GNU C compiler
configure:2492: gcc -c   conftest.c >&5
configure:2498: $? = 0
configure:2505: test -z "$ac_c_werror_flag" || test ! -s conftest.err
configure:2508: $? = 0
configure:2515: test -s conftest.o
configure:2518: $? = 0
configure:2532: result: yes
configure:2537: checking whether gcc accepts -g
configure:2567: gcc -c -g  conftest.c >&5
configure:2573: $? = 0
configure:2580: test -z "$ac_c_werror_flag" || test ! -s conftest.err
configure:2583: $? = 0
configure:2590: test -s conftest.o
configure:2593: $? = 0
configure:2723: result: yes
configure:2740: checking for gcc option to accept ISO C89
configure:2809: gcc  -c -g -O2  conftest.c >&5
configure:2815: $? = 0
configure:2822: test -z "$ac_c_werror_flag" || test ! -s conftest.err
configure:2825: $? = 0
configure:2832: test -s conftest.o
configure:2835: $? = 0
configure:2855: result: none needed
configure:2878: checking how to run the C preprocessor
configure:2918: gcc -E  conftest.c
configure:2924: $? = 0
configure:2962: gcc -E  conftest.c
conftest.c:8:28: error: ac_nonexistent.h: No such file or directory
configure:2968: $? = 1
configure: failed program was:
| /* confdefs.h.  */
| #define PACKAGE_NAME ""
| #define PACKAGE_TARNAME ""
| #define PACKAGE_VERSION ""
| #define PACKAGE_STRING ""
| #define PACKAGE_BUGREPORT ""
| /* end confdefs.h.  */
| #include <ac_nonexistent.h>
configure:3008: result: gcc -E
configure:3037: gcc -E  conftest.c
configure:3043: $? = 0
configure:3081: gcc -E  conftest.c
conftest.c:8:28: error: ac_nonexistent.h: No such file or directory
configure:3087: $? = 1
configure: failed program was:
| /* confdefs.h.  */
| #define PACKAGE_NAME ""
| #define PACKAGE_TARNAME ""
| #define PACKAGE_VERSION ""
| #define PACKAGE_STRING ""
| #define PACKAGE_BUGREPORT ""
| /* end confdefs.h.  */
| #include <ac_nonexistent.h>
configure:3168: checking build system type
configure:3186: result: powerpc-unknown-linux-gnu
configure:3208: checking host system type
configure:3223: result: powerpc-unknown-linux-gnu
configure:3245: checking target system type
configure:3260: result: powerpc-unknown-linux-gnu
configure:3289: checking for library combo
configure:3317: result: gnu-fd-nil
configure:3327: checking for apple compiler flags
configure:3342: result: yes
configure:3556: checking for ar
configure:3572: found /usr/bin/ar
configure:3583: result: ar
configure:3593: checking for dlltool
configure:3623: result: no
configure:3671: checking for ranlib
configure:3687: found /usr/bin/ranlib
configure:3698: result: ranlib
configure:3739: checking for a BSD-compatible install
configure:3795: result: /usr/bin/install -c
configure:3806: checking whether ln -s works
configure:3810: result: yes
configure:3822: checking for gnutar
configure:3852: result: no
configure:3822: checking for gtar
configure:3852: result: no
configure:3870: checking for chown
configure:3886: found /bin/chown
configure:3898: result: chown
configure:3921: checking for GNUstep configuration file to use
configure:3949: result: /root/src/SOPE-4.7/.gsmake/GNUstep.conf
configure:3967: checking if we should import an existing configuration file
configure:3985: result: no: file "/root/src/SOPE-4.7/.gsmake/GNUstep.conf" does not exist
configure:4063: checking for GNUSTEP_SYSTEM_ROOT to use
configure:4086: result: /root/src/SOPE-4.7/.gsmake
configure:4093: checking for GNUSTEP_LOCAL_ROOT to use
configure:4121: result: /root/src/SOPE-4.7/.gsmake
configure:4128: checking for GNUSTEP_NETWORK_ROOT to use
configure:4158: result: /root/src/SOPE-4.7/.gsmake
configure:4165: checking for user config file to use
configure:4188: result: /root/src/SOPE-4.7/.gsmake
configure:4190: result: .GNUstep.conf
configure:4197: checking for user dir to use
configure:4220: result: GNUstep
configure:4227: checking for user defaults dir to use
configure:4250: result: GNUstep/Defaults
configure:4263: checking for GNUSTEP_MAKEFILES to use
configure:4267: result: /root/src/SOPE-4.7/.gsmake/Library/Makefiles
configure:4287: checking for flattened directory structure
configure:4305: result: yes
configure:4390: checking for custom shared objc library
configure:4410: result: NONE
configure:4439: checking for dirent.h that defines DIR
configure:4468: gcc -c -g -O2  conftest.c >&5
configure:4474: $? = 0
configure:4481: test -z "$ac_c_werror_flag" || test ! -s conftest.err
configure:4484: $? = 0
configure:4491: test -s conftest.o
configure:4494: $? = 0
configure:4507: result: yes
configure:4520: checking for library containing opendir
configure:4561: gcc -o conftest -g -O2   conftest.c  >&5
configure:4567: $? = 0
configure:4574: test -z "$ac_c_werror_flag" || test ! -s conftest.err
configure:4577: $? = 0
configure:4584: test -s conftest
configure:4587: $? = 0
configure:4611: result: none required
configure:4722: checking for grep that handles long lines and -e
configure:4796: result: /bin/grep
configure:4801: checking for egrep
configure:4879: result: /bin/grep -E
configure:4884: checking for ANSI C header files
configure:4914: gcc -c -g -O2  conftest.c >&5
configure:4920: $? = 0
configure:4927: test -z "$ac_c_werror_flag" || test ! -s conftest.err
configure:4930: $? = 0
configure:4937: test -s conftest.o
configure:4940: $? = 0
configure:5036: gcc -o conftest -g -O2   conftest.c  >&5
configure:5039: $? = 0
configure:5045: ./conftest
configure:5048: $? = 0
configure:5065: result: yes
configure:5089: checking for sys/types.h
configure:5110: gcc -c -g -O2  conftest.c >&5
configure:5116: $? = 0
configure:5123: test -z "$ac_c_werror_flag" || test ! -s conftest.err
configure:5126: $? = 0
configure:5133: test -s conftest.o
configure:5136: $? = 0
configure:5149: result: yes
configure:5089: checking for sys/stat.h
configure:5110: gcc -c -g -O2  conftest.c >&5
configure:5116: $? = 0
configure:5123: test -z "$ac_c_werror_flag" || test ! -s conftest.err
configure:5126: $? = 0
configure:5133: test -s conftest.o
configure:5136: $? = 0
configure:5149: result: yes
configure:5089: checking for stdlib.h
configure:5110: gcc -c -g -O2  conftest.c >&5
configure:5116: $? = 0
configure:5123: test -z "$ac_c_werror_flag" || test ! -s conftest.err
configure:5126: $? = 0
configure:5133: test -s conftest.o
configure:5136: $? = 0
configure:5149: result: yes
configure:5089: checking for string.h
configure:5110: gcc -c -g -O2  conftest.c >&5
configure:5116: $? = 0
configure:5123: test -z "$ac_c_werror_flag" || test ! -s conftest.err
configure:5126: $? = 0
configure:5133: test -s conftest.o
configure:5136: $? = 0
configure:5149: result: yes
configure:5089: checking for memory.h
configure:5110: gcc -c -g -O2  conftest.c >&5
configure:5116: $? = 0
configure:5123: test -z "$ac_c_werror_flag" || test ! -s conftest.err
configure:5126: $? = 0
configure:5133: test -s conftest.o
configure:5136: $? = 0
configure:5149: result: yes
configure:5089: checking for strings.h
configure:5110: gcc -c -g -O2  conftest.c >&5
configure:5116: $? = 0
configure:5123: test -z "$ac_c_werror_flag" || test ! -s conftest.err
configure:5126: $? = 0
configure:5133: test -s conftest.o
configure:5136: $? = 0
configure:5149: result: yes
configure:5089: checking for inttypes.h
configure:5110: gcc -c -g -O2  conftest.c >&5
configure:5116: $? = 0
configure:5123: test -z "$ac_c_werror_flag" || test ! -s conftest.err
configure:5126: $? = 0
configure:5133: test -s conftest.o
configure:5136: $? = 0
configure:5149: result: yes
configure:5089: checking for stdint.h
configure:5110: gcc -c -g -O2  conftest.c >&5
configure:5116: $? = 0
configure:5123: test -z "$ac_c_werror_flag" || test ! -s conftest.err
configure:5126: $? = 0
configure:5133: test -s conftest.o
configure:5136: $? = 0
configure:5149: result: yes
configure:5089: checking for unistd.h
configure:5110: gcc -c -g -O2  conftest.c >&5
configure:5116: $? = 0
configure:5123: test -z "$ac_c_werror_flag" || test ! -s conftest.err
configure:5126: $? = 0
configure:5133: test -s conftest.o
configure:5136: $? = 0
configure:5149: result: yes
configure:5188: checking sys/param.h usability
configure:5205: gcc -c -g -O2  conftest.c >&5
configure:5211: $? = 0
configure:5218: test -z "$ac_c_werror_flag" || test ! -s conftest.err
configure:5221: $? = 0
configure:5228: test -s conftest.o
configure:5231: $? = 0
configure:5242: result: yes
configure:5246: checking sys/param.h presence
configure:5261: gcc -E  conftest.c
configure:5267: $? = 0
configure:5288: result: yes
configure:5316: checking for sys/param.h
configure:5324: result: yes
configure:5188: checking sys/file.h usability
configure:5205: gcc -c -g -O2  conftest.c >&5
configure:5211: $? = 0
configure:5218: test -z "$ac_c_werror_flag" || test ! -s conftest.err
configure:5221: $? = 0
configure:5228: test -s conftest.o
configure:5231: $? = 0
configure:5242: result: yes
configure:5246: checking sys/file.h presence
configure:5261: gcc -E  conftest.c
configure:5267: $? = 0
configure:5288: result: yes
configure:5316: checking for sys/file.h
configure:5324: result: yes
configure:5188: checking dir.h usability
configure:5205: gcc -c -g -O2  conftest.c >&5
conftest.c:54:17: error: dir.h: No such file or directory
configure:5211: $? = 1
configure: failed program was:
| /* confdefs.h.  */
| #define PACKAGE_NAME ""
| #define PACKAGE_TARNAME ""
| #define PACKAGE_VERSION ""
| #define PACKAGE_STRING ""
| #define PACKAGE_BUGREPORT ""
| #define HAVE_DIRENT_H 1
| #define STDC_HEADERS 1
| #define HAVE_SYS_TYPES_H 1
| #define HAVE_SYS_STAT_H 1
| #define HAVE_STDLIB_H 1
| #define HAVE_STRING_H 1
| #define HAVE_MEMORY_H 1
| #define HAVE_STRINGS_H 1
| #define HAVE_INTTYPES_H 1
| #define HAVE_STDINT_H 1
| #define HAVE_UNISTD_H 1
| #define HAVE_SYS_PARAM_H 1
| #define HAVE_SYS_FILE_H 1
| /* end confdefs.h.  */
| #include <stdio.h>
| #if HAVE_SYS_TYPES_H
| # include <sys/types.h>
| #endif
| #if HAVE_SYS_STAT_H
| # include <sys/stat.h>
| #endif
| #if STDC_HEADERS
| # include <stdlib.h>
| # include <stddef.h>
| #else
| # if HAVE_STDLIB_H
| #  include <stdlib.h>
| # endif
| #endif
| #if HAVE_STRING_H
| # if !STDC_HEADERS && HAVE_MEMORY_H
| #  include <memory.h>
| # endif
| # include <string.h>
| #endif
| #if HAVE_STRINGS_H
| # include <strings.h>
| #endif
| #if HAVE_INTTYPES_H
| # include <inttypes.h>
| #endif
| #if HAVE_STDINT_H
| # include <stdint.h>
| #endif
| #if HAVE_UNISTD_H
| # include <unistd.h>
| #endif
| #include <dir.h>
configure:5242: result: no
configure:5246: checking dir.h presence
configure:5261: gcc -E  conftest.c
conftest.c:21:17: error: dir.h: No such file or directory
configure:5267: $? = 1
configure: failed program was:
| /* confdefs.h.  */
| #define PACKAGE_NAME ""
| #define PACKAGE_TARNAME ""
| #define PACKAGE_VERSION ""
| #define PACKAGE_STRING ""
| #define PACKAGE_BUGREPORT ""
| #define HAVE_DIRENT_H 1
| #define STDC_HEADERS 1
| #define HAVE_SYS_TYPES_H 1
| #define HAVE_SYS_STAT_H 1
| #define HAVE_STDLIB_H 1
| #define HAVE_STRING_H 1
| #define HAVE_MEMORY_H 1
| #define HAVE_STRINGS_H 1
| #define HAVE_INTTYPES_H 1
| #define HAVE_STDINT_H 1
| #define HAVE_UNISTD_H 1
| #define HAVE_SYS_PARAM_H 1
| #define HAVE_SYS_FILE_H 1
| /* end confdefs.h.  */
| #include <dir.h>
configure:5288: result: no
configure:5316: checking for dir.h
configure:5324: result: no
configure:5178: checking for string.h
configure:5184: result: yes
configure:5178: checking for stdlib.h
configure:5184: result: yes
configure:5178: checking for sys/types.h
configure:5184: result: yes
configure:5188: checking fcntl.h usability
configure:5205: gcc -c -g -O2  conftest.c >&5
configure:5211: $? = 0
configure:5218: test -z "$ac_c_werror_flag" || test ! -s conftest.err
configure:5221: $? = 0
configure:5228: test -s conftest.o
configure:5231: $? = 0
configure:5242: result: yes
configure:5246: checking fcntl.h presence
configure:5261: gcc -E  conftest.c
configure:5267: $? = 0
configure:5288: result: yes
configure:5316: checking for fcntl.h
configure:5324: result: yes
configure:5188: checking limits.h usability
configure:5205: gcc -c -g -O2  conftest.c >&5
configure:5211: $? = 0
configure:5218: test -z "$ac_c_werror_flag" || test ! -s conftest.err
configure:5221: $? = 0
configure:5228: test -s conftest.o
configure:5231: $? = 0
configure:5242: result: yes
configure:5246: checking limits.h presence
configure:5261: gcc -E  conftest.c
configure:5267: $? = 0
configure:5288: result: yes
configure:5316: checking for limits.h
configure:5324: result: yes
configure:5188: checking utime.h usability
configure:5205: gcc -c -g -O2  conftest.c >&5
configure:5211: $? = 0
configure:5218: test -z "$ac_c_werror_flag" || test ! -s conftest.err
configure:5221: $? = 0
configure:5228: test -s conftest.o
configure:5231: $? = 0
configure:5242: result: yes
configure:5246: checking utime.h presence
configure:5261: gcc -E  conftest.c
configure:5267: $? = 0
configure:5288: result: yes
configure:5316: checking for utime.h
configure:5324: result: yes
configure:5178: checking for sys/stat.h
configure:5184: result: yes
configure:5188: checking pwd.h usability
configure:5205: gcc -c -g -O2  conftest.c >&5
configure:5211: $? = 0
configure:5218: test -z "$ac_c_werror_flag" || test ! -s conftest.err
configure:5221: $? = 0
configure:5228: test -s conftest.o
configure:5231: $? = 0
configure:5242: result: yes
configure:5246: checking pwd.h presence
configure:5261: gcc -E  conftest.c
configure:5267: $? = 0
configure:5288: result: yes
configure:5316: checking for pwd.h
configure:5324: result: yes
configure:5178: checking for unistd.h
configure:5184: result: yes
configure:5188: checking ctype.h usability
configure:5205: gcc -c -g -O2  conftest.c >&5
configure:5211: $? = 0
configure:5218: test -z "$ac_c_werror_flag" || test ! -s conftest.err
configure:5221: $? = 0
configure:5228: test -s conftest.o
configure:5231: $? = 0
configure:5242: result: yes
configure:5246: checking ctype.h presence
configure:5261: gcc -E  conftest.c
configure:5267: $? = 0
configure:5288: result: yes
configure:5316: checking for ctype.h
configure:5324: result: yes
configure:5345: checking for getpwnam
configure:5401: gcc -o conftest -g -O2   conftest.c  >&5
configure:5407: $? = 0
configure:5414: test -z "$ac_c_werror_flag" || test ! -s conftest.err
configure:5417: $? = 0
configure:5424: test -s conftest
configure:5427: $? = 0
configure:5441: result: yes
configure:5345: checking for getpwuid
configure:5401: gcc -o conftest -g -O2   conftest.c  >&5
configure:5407: $? = 0
configure:5414: test -z "$ac_c_werror_flag" || test ! -s conftest.err
configure:5417: $? = 0
configure:5424: test -s conftest
configure:5427: $? = 0
configure:5441: result: yes
configure:5345: checking for geteuid
configure:5401: gcc -o conftest -g -O2   conftest.c  >&5
configure:5407: $? = 0
configure:5414: test -z "$ac_c_werror_flag" || test ! -s conftest.err
configure:5417: $? = 0
configure:5424: test -s conftest
configure:5427: $? = 0
configure:5441: result: yes
configure:5345: checking for getlogin
configure:5401: gcc -o conftest -g -O2   conftest.c  >&5
configure:5407: $? = 0
configure:5414: test -z "$ac_c_werror_flag" || test ! -s conftest.err
configure:5417: $? = 0
configure:5424: test -s conftest
configure:5427: $? = 0
configure:5441: result: yes
configure:5345: checking for strchr
configure:5401: gcc -o conftest -g -O2   conftest.c  >&5
conftest.c:58: warning: conflicting types for built-in function 'strchr'
configure:5407: $? = 0
configure:5414: test -z "$ac_c_werror_flag" || test ! -s conftest.err
configure:5417: $? = 0
configure:5424: test -s conftest
configure:5427: $? = 0
configure:5441: result: yes
configure:5470: checking whether objc has thread support
configure:5549: gcc -o conftest -g -O2 -x objective-c -I.   -fgnu-runtime   conftest.c -lobjc -lpthread >&5
In file included from conftest.c:36:
config_thread.m:7: warning: incomplete implementation of class 'NXConstantString'
config_thread.m:7: warning: method definition for '-length' not found
config_thread.m:7: warning: method definition for '-cString' not found
configure:5552: $? = 0
configure:5558: ./conftest
configure:5561: $? = 0
configure:5959: result: yes: -lpthread
configure:5981: checking whether we should use native ObjC exceptions
configure:6067: result: not requested by user
configure:6082: checking if the compiler supports autodependencies
configure:6105: result: yes: gcc major version is 4
configure:6127: checking if we should strip makefiles after installation
configure:6143: result: no
configure:6172: checking for the version of gnustep-make we are compiling
configure:6175: result: 1.13.0
configure:6306: creating ./config.status

## ---------------------- ##
## Running config.status. ##
## ---------------------- ##

This file was extended by config.status, which was
generated by GNU Autoconf 2.59e.  Invocation command line was

  CONFIG_FILES    = 
  CONFIG_HEADERS  = 
  CONFIG_LINKS    = 
  CONFIG_COMMANDS = 
  $ ./config.status 

on sogo

config.status:656: creating config.make
config.status:656: creating openapp
config.status:656: creating debugapp
config.status:656: creating opentool
config.status:656: creating executable.template
config.status:656: creating GNUmakefile
config.status:656: creating GNUstep.conf
config.status:656: creating GNUstep.sh
config.status:656: creating GNUstep.csh
config.status:656: creating fixpath.sh
config.status:656: creating gnustep-make.spec
config.status:656: creating config.h
config.status:904: executing default commands

## ---------------- ##
## Cache variables. ##
## ---------------- ##

ac_cv_backend=yes
ac_cv_build=powerpc-unknown-linux-gnu
ac_cv_c_compiler_gnu=yes
ac_cv_env_CC_set=
ac_cv_env_CC_value=
ac_cv_env_CFLAGS_set=
ac_cv_env_CFLAGS_value=
ac_cv_env_CPPFLAGS_set=
ac_cv_env_CPPFLAGS_value=
ac_cv_env_CPP_set=
ac_cv_env_CPP_value=
ac_cv_env_LDFLAGS_set=
ac_cv_env_LDFLAGS_value=
ac_cv_env_build_alias_set=
ac_cv_env_build_alias_value=
ac_cv_env_host_alias_set=
ac_cv_env_host_alias_value=
ac_cv_env_target_alias_set=
ac_cv_env_target_alias_value=
ac_cv_flattened=undefined
ac_cv_func_geteuid=yes
ac_cv_func_getlogin=yes
ac_cv_func_getpwnam=yes
ac_cv_func_getpwuid=yes
ac_cv_func_strchr=yes
ac_cv_header_ctype_h=yes
ac_cv_header_dir_h=no
ac_cv_header_dirent_dirent_h=yes
ac_cv_header_fcntl_h=yes
ac_cv_header_inttypes_h=yes
ac_cv_header_limits_h=yes
ac_cv_header_memory_h=yes
ac_cv_header_pwd_h=yes
ac_cv_header_stdc=yes
ac_cv_header_stdint_h=yes
ac_cv_header_stdlib_h=yes
ac_cv_header_string_h=yes
ac_cv_header_strings_h=yes
ac_cv_header_sys_file_h=yes
ac_cv_header_sys_param_h=yes
ac_cv_header_sys_stat_h=yes
ac_cv_header_sys_types_h=yes
ac_cv_header_unistd_h=yes
ac_cv_header_utime_h=yes
ac_cv_host=powerpc-unknown-linux-gnu
ac_cv_importing_config_file=yes
ac_cv_library_combo=gnu-fd-nil
ac_cv_multi_platform=undefined
ac_cv_objc_threaded=-lpthread
ac_cv_objext=o
ac_cv_path_EGREP='/bin/grep -E'
ac_cv_path_GREP=/bin/grep
ac_cv_path_install='/usr/bin/install -c'
ac_cv_prog_AR=ar
ac_cv_prog_CHOWN=chown
ac_cv_prog_CPP='gcc -E'
ac_cv_prog_ac_ct_CC=gcc
ac_cv_prog_ac_ct_RANLIB=ranlib
ac_cv_prog_cc_c89=
ac_cv_prog_cc_g=yes
ac_cv_search_opendir='none required'
ac_cv_strip_makefiles=undefined
ac_cv_target=powerpc-unknown-linux-gnu
gs_cv_gcc_major_version=4
gs_cv_objc_libdir=NONE

## ----------------- ##
## Output variables. ##
## ----------------- ##

AR='ar'
AUTO_DEPENDENCIES='yes'
BACKEND_BUNDLE='yes'
CC='gcc'
CFLAGS='-g -O2'
CHOWN='chown'
CPP='gcc -E'
CPPFLAGS=''
CYGWIN='no'
DEFS='-DHAVE_CONFIG_H'
DLLTOOL=''
ECHO_C=''
ECHO_N='-n'
ECHO_T=''
EGREP='/bin/grep -E'
EXEEXT=''
GNUSTEP_CONFIG_FILE='/root/src/SOPE-4.7/.gsmake/GNUstep.conf'
GNUSTEP_FLATTENED='yes'
GNUSTEP_LOCAL_ROOT='/root/src/SOPE-4.7/.gsmake'
GNUSTEP_MAKEFILES='/root/src/SOPE-4.7/.gsmake/Library/Makefiles'
GNUSTEP_MAKE_MAJOR_VERSION='1'
GNUSTEP_MAKE_MINOR_VERSION='13'
GNUSTEP_MAKE_SUBMINOR_VERSION='0'
GNUSTEP_MAKE_VERSION='1.13.0'
GNUSTEP_MOVE_OBSOLETE='move_obsolete'
GNUSTEP_MULTI_PLATFORM=''
GNUSTEP_NETWORK_ROOT='/root/src/SOPE-4.7/.gsmake'
GNUSTEP_STRIP_MAKEFILES=''
GNUSTEP_SYSTEM_ROOT='/root/src/SOPE-4.7/.gsmake'
GNUSTEP_USER_CONFIG_FILE='.GNUstep.conf'
GNUSTEP_USER_DEFAULTS_DIR='GNUstep/Defaults'
GNUSTEP_USER_DIR='GNUstep'
GREP='/bin/grep'
HOST_INSTALL='/usr/bin/install -c'
INCLUDES=''
INSTALL_DATA='${INSTALL} -m 644'
INSTALL_PROGRAM='${INSTALL}'
INSTALL_SCRIPT='${INSTALL}'
LDFLAGS=''
LIBOBJS=''
LIBS=''
LIB_DIR=''
LN_S='ln -s'
LTLIBOBJS=''
OBJCFLAGS=''
OBJEXT='o'
PACKAGE_BUGREPORT=''
PACKAGE_NAME=''
PACKAGE_STRING=''
PACKAGE_TARNAME=''
PACKAGE_VERSION=''
PATH_SEPARATOR=':'
RANLIB='ranlib'
SHELL='/bin/sh'
TAR='tar'
USE_OBJC_EXCEPTIONS='no'
ac_ct_CC='gcc'
ac_cv_library_combo='gnu-fd-nil'
ac_cv_objc_threaded='-lpthread'
bindir='${exec_prefix}/bin'
build='powerpc-unknown-linux-gnu'
build_alias=''
build_cpu='powerpc'
build_os='linux-gnu'
build_vendor='unknown'
cc_bundle='yes'
cc_cppprecomp='no'
clean_target_cpu='powerpc'
clean_target_os='linux-gnu'
clean_target_vendor='unknown'
datadir='${datarootdir}'
datarootdir='${prefix}/share'
docdir='${datarootdir}/doc/${PACKAGE}'
dvidir='${docdir}'
exec_prefix='${prefix}'
host='powerpc-unknown-linux-gnu'
host_alias=''
host_cpu='powerpc'
host_os='linux-gnu'
host_vendor='unknown'
htmldir='${docdir}'
includedir='${prefix}/include'
infodir='${datarootdir}/info'
libdir='${exec_prefix}/lib'
libexecdir='${exec_prefix}/libexec'
localedir='${datarootdir}/locale'
localstatedir='${prefix}/var'
mandir='${datarootdir}/man'
objc_threaded='-lpthread'
oldincludedir='/usr/include'
pdfdir='${docdir}'
prefix='/root/src/SOPE-4.7/.gsmake'
program_transform_name='s,x,x,'
psdir='${docdir}'
sbindir='${exec_prefix}/sbin'
sharedstatedir='${prefix}/com'
sysconfdir='${prefix}/etc'
target='powerpc-unknown-linux-gnu'
target_alias=''
target_cpu='powerpc'
target_os='linux-gnu'
target_vendor='unknown'

## ----------- ##
## confdefs.h. ##
## ----------- ##

#define PACKAGE_NAME ""
#define PACKAGE_TARNAME ""
#define PACKAGE_VERSION ""
#define PACKAGE_STRING ""
#define PACKAGE_BUGREPORT ""
#define HAVE_DIRENT_H 1
#define STDC_HEADERS 1
#define HAVE_SYS_TYPES_H 1
#define HAVE_SYS_STAT_H 1
#define HAVE_STDLIB_H 1
#define HAVE_STRING_H 1
#define HAVE_MEMORY_H 1
#define HAVE_STRINGS_H 1
#define HAVE_INTTYPES_H 1
#define HAVE_STDINT_H 1
#define HAVE_UNISTD_H 1
#define HAVE_SYS_PARAM_H 1
#define HAVE_SYS_FILE_H 1
#define HAVE_STRING_H 1
#define HAVE_STDLIB_H 1
#define HAVE_SYS_TYPES_H 1
#define HAVE_FCNTL_H 1
#define HAVE_LIMITS_H 1
#define HAVE_UTIME_H 1
#define HAVE_SYS_STAT_H 1
#define HAVE_PWD_H 1
#define HAVE_UNISTD_H 1
#define HAVE_CTYPE_H 1
#define HAVE_GETPWNAM 1
#define HAVE_GETPWUID 1
#define HAVE_GETEUID 1
#define HAVE_GETLOGIN 1
#define HAVE_STRCHR 1

configure: exit 0
